2023-09-23 07:12:29,178 - INFO - This is an info message
2023-09-23 07:48:57,035 - DEBUG - This is a debug message for the home page.
2023-09-23 07:48:57,036 - INFO - This is an info message for the home page.
2023-09-23 07:48:57,036 - WARNING - This is a warning message for the home page.
2023-09-23 07:48:57,037 - ERROR - This is an error message for the home page.
2023-09-23 07:48:57,037 - CRITICAL - This is a critical message for the home page.
2023-09-23 08:19:03,674 - INFO - Accessed the personality test page.
2023-09-23 08:37:15,143 - INFO - Accessed the personality test page.
2023-09-23 08:45:33,716 - INFO - Accessed the personality test page.
2023-09-23 08:52:04,876 - INFO - Personality test result: Based on your score, you may have an inclination towards an art career.
2023-09-24 07:43:23,915 - INFO - Accessed the personality test page.
2023-09-24 07:44:05,451 - INFO - Personality test result: Based on your score, you may have an inclination towards an art career.
2023-09-24 07:44:31,940 - INFO - Accessed the personality test page.
2023-09-24 07:49:31,834 - INFO - Accessed the personality test page.
2023-09-24 07:49:39,346 - INFO - Accessed the personality test page.
2023-09-24 07:54:03,465 - INFO - Accessed the personality test page.
2023-09-24 07:54:12,423 - INFO - Accessed the personality test page.
2023-09-24 07:54:19,758 - INFO - Accessed the personality test page.
2023-09-24 07:54:45,904 - INFO - Accessed the personality test page.
2023-09-24 07:54:57,029 - INFO - Accessed the personality test page.
2023-09-24 07:55:25,919 - INFO - Personality test result: Based on your score, you may have an inclination towards an art career.
2023-09-24 07:59:28,306 - INFO - Accessed the personality test page.
2023-09-24 07:59:33,409 - INFO - Accessed the personality test page.
2023-09-24 08:00:03,803 - INFO - Accessed the personality test page.
2023-09-24 08:00:10,546 - INFO - Accessed the personality test page.
2023-09-24 08:00:14,831 - INFO - Accessed the personality test page.
2023-09-24 08:01:24,718 - INFO - Accessed the personality test page.
2023-09-24 08:07:10,624 - INFO - Accessed the personality test page.
2023-09-24 08:07:19,232 - INFO - Accessed the personality test page.
2023-09-24 08:30:03,782 - INFO - Accessed the personality test page.
2023-09-24 08:31:13,116 - INFO - Accessed the personality test page.
2023-09-24 08:47:18,533 - INFO - Accessed the personality test page.
2023-09-24 08:55:10,557 - INFO - Accessed the personality test page.
2023-09-24 08:56:33,258 - INFO - Accessed the personality test page.
2023-09-24 09:07:17,492 - INFO - Accessed the personality test page.
2023-09-24 09:13:09,044 - INFO - Accessed the personality test page.
2023-09-24 09:14:28,627 - INFO - Accessed the personality test page.
2023-09-24 09:16:43,791 - INFO - Accessed the personality test page.
2023-09-24 09:16:45,477 - INFO - Accessed the personality test page.
2023-09-24 09:23:54,225 - INFO - Accessed the personality test page.
2023-09-24 09:33:20,583 - INFO - Accessed the personality test page.
2023-09-24 09:42:00,280 - INFO - Accessed the personality test page.
2023-09-24 09:42:13,276 - INFO - Accessed the personality test page.
2023-09-24 09:44:25,472 - INFO - Personality test result: Based on your score, you may have an inclination towards an art career.
2023-09-24 09:44:29,042 - INFO - Accessed the personality test page.
2023-09-24 09:47:13,257 - INFO - Accessed the personality test page.
2023-09-24 09:47:26,096 - INFO - Accessed the personality test page.
2023-09-24 09:48:25,439 - INFO - Accessed the personality test page.
2023-09-24 10:06:34,564 - INFO - Accessed the personality test page.
2023-09-24 10:13:23,798 - INFO - Accessed the personality test page.
2023-09-24 10:24:03,929 - INFO - Accessed the personality test page.
2023-09-24 10:29:20,695 - INFO - Accessed the personality test page.
2023-09-24 10:34:05,154 - INFO - Accessed the personality test page.
2023-09-24 10:34:34,359 - INFO - Accessed the personality test page.
2023-09-24 10:46:04,799 - INFO - Accessed the personality test page.
2023-09-24 10:47:44,698 - INFO - Accessed the personality test page.
2023-09-24 10:49:38,594 - INFO - Accessed the personality test page.
2023-09-24 10:52:58,626 - INFO - Accessed the personality test page.
2023-09-24 10:53:46,656 - INFO - Accessed the personality test page.
2023-09-24 10:54:46,406 - INFO - Accessed the personality test page.
2023-09-24 11:00:44,986 - INFO - Accessed the personality test page.
2023-09-24 12:16:05,244 - INFO - Accessed the personality test page.
2023-09-24 12:16:36,249 - INFO - Accessed the personality test page.
2023-09-24 12:18:41,566 - INFO - Accessed the personality test page.
2023-09-24 12:19:54,143 - INFO - Accessed the personality test page.
2023-09-24 12:20:12,248 - INFO - Accessed the personality test page.
2023-09-24 12:21:33,737 - INFO - Accessed the personality test page.
2023-09-24 12:22:54,860 - INFO - Accessed the personality test page.
2023-09-24 12:25:38,515 - INFO - Accessed the personality test page.
2023-09-24 12:31:00,426 - INFO - Accessed the personality test page.
2023-09-24 12:35:05,408 - INFO - Accessed the personality test page.
2023-09-24 12:39:40,885 - INFO - Accessed the personality test page.
2023-09-24 12:52:48,059 - INFO - Accessed the personality test page.
2023-09-24 12:53:50,204 - INFO - Accessed the personality test page.
2023-09-24 12:55:55,446 - INFO - Accessed the personality test page.
2023-09-24 13:01:15,521 - INFO - Accessed the personality test page.
2023-09-24 13:11:42,223 - INFO - Accessed the personality test page.
2023-09-24 13:12:12,611 - INFO - Accessed the personality test page.
2023-09-24 13:35:51,374 - INFO - Accessed the personality test page.
2023-09-24 13:36:07,086 - INFO - Accessed the personality test page.
2023-09-24 13:38:25,280 - INFO - Personality test result: Based on your score, you may have an inclination towards an art career.
2023-09-24 13:40:32,657 - INFO - Accessed the personality test page.
2023-09-24 13:40:46,513 - INFO - Accessed the personality test page.
2023-09-24 13:40:50,615 - INFO - Accessed the personality test page.
2023-09-24 13:40:54,049 - INFO - Accessed the personality test page.
2023-09-24 14:03:19,098 - INFO - Accessed the personality test page.
2023-09-24 14:16:08,276 - INFO - Accessed the personality test page.
2023-09-24 14:17:34,052 - INFO - Accessed the personality test page.
2023-09-24 14:17:58,230 - INFO - Accessed the personality test page.
2023-09-24 14:25:34,515 - INFO - Accessed the personality test page.
2023-09-24 14:25:38,719 - INFO - Accessed the personality test page.
2023-09-24 14:39:20,641 - INFO - Accessed the personality test page.
2023-09-24 14:39:25,398 - INFO - Accessed the personality test page.
2023-09-24 14:50:41,194 - INFO - Flask app is starting...
2023-09-24 14:50:42,363 - INFO - Flask app is starting...
2023-09-24 14:52:36,013 - INFO - Accessed the personality test page.
2023-09-24 16:46:20,379 - INFO - Flask app is starting...
2023-09-24 16:46:21,176 - INFO - Flask app is starting...
2023-09-24 16:48:18,362 - INFO - Flask app is starting...
2023-09-24 16:48:19,312 - INFO - Flask app is starting...
2023-09-24 17:00:13,003 - INFO - Accessed the personality test page.
2023-09-24 17:03:26,878 - INFO - Accessed the personality test page.
2023-09-24 17:03:30,158 - INFO - Accessed the personality test page.
2023-09-24 17:08:59,592 - INFO - Accessed the personality test page.
2023-09-24 17:14:56,047 - INFO - Accessed the personality test page.
2023-09-24 17:18:03,208 - INFO - Accessed the personality test page.
2023-09-24 17:18:05,653 - INFO - Accessed the personality test page.
2023-09-24 17:27:26,438 - INFO - Accessed the personality test page.
2023-09-24 17:27:32,079 - INFO - Accessed the personality test page.
2023-09-24 17:28:49,410 - INFO - Accessed the personality test page.
2023-09-24 17:31:44,112 - INFO - Accessed the personality test page.
2023-09-24 17:43:12,334 - INFO - Accessed the personality test page.
2023-09-24 17:57:07,710 - INFO - Accessed the personality test page.
2023-09-24 17:57:15,594 - INFO - Accessed the personality test page.
2023-09-24 17:58:57,258 - INFO - Accessed the personality test page.
2023-09-24 18:01:54,336 - INFO - Accessed the personality test page.
2023-09-24 18:04:09,853 - INFO - Accessed the personality test page.
2023-09-24 18:11:05,510 - INFO - Accessed the personality test page.
2023-09-24 19:36:00,481 - INFO - Accessed the personality test page.
2023-09-24 19:37:41,311 - INFO - Accessed the personality test page.
2023-09-24 19:37:48,378 - INFO - Accessed the personality test page.
2023-09-24 19:37:52,316 - INFO - Accessed the personality test page.
2023-09-24 19:40:32,966 - INFO - Accessed the personality test page.
2023-09-24 19:41:05,491 - INFO - Accessed the personality test page.
2023-09-24 19:41:24,304 - INFO - Accessed the personality test page.
2023-09-24 19:51:17,794 - INFO - Accessed the personality test page.
2023-09-24 19:53:49,111 - INFO - Accessed the personality test page.
2023-09-24 19:54:07,120 - INFO - Accessed the personality test page.
2023-09-24 19:58:03,580 - INFO - Accessed the personality test page.
2023-09-24 19:59:08,898 - INFO - Flask app is starting...
2023-09-24 19:59:10,234 - INFO - Flask app is starting...
2023-09-24 20:00:00,920 - INFO - Accessed the personality test page.
2023-09-24 20:00:57,527 - INFO - Accessed the personality test page.
2023-09-24 20:01:07,509 - INFO - Accessed the personality test page.
2023-09-24 20:01:39,101 - INFO - Accessed the personality test page.
2023-09-24 20:01:54,786 - INFO - Accessed the personality test page.
2023-09-25 06:20:40,417 - INFO - Accessed the personality test page.
2023-09-25 06:21:02,139 - INFO - Accessed the personality test page.
2023-09-25 06:21:29,224 - INFO - Accessed the personality test page.
2023-09-25 06:26:48,516 - INFO - Accessed the personality test page.
2023-09-25 06:26:50,475 - INFO - Accessed the personality test page.
2023-09-25 06:26:53,354 - INFO - Accessed the personality test page.
2023-09-25 06:27:16,135 - INFO - Accessed the personality test page.
2023-09-25 06:28:57,748 - INFO - Accessed the personality test page.
2023-09-25 06:29:31,255 - INFO - Accessed the personality test page.
2023-09-25 06:29:52,241 - INFO - Accessed the personality test page.
2023-09-25 06:36:14,894 - INFO - Accessed the personality test page.
2023-09-25 06:36:35,500 - INFO - Accessed the personality test page.
2023-09-25 06:41:27,570 - INFO - Accessed the personality test page.
2023-09-25 06:41:40,470 - INFO - Accessed the personality test page.
2023-09-25 06:42:08,774 - INFO - Accessed the personality test page.
2023-09-25 06:42:29,349 - INFO - Accessed the personality test page.
2023-09-25 06:43:44,208 - INFO - Accessed the personality test page.
2023-09-25 06:57:28,880 - INFO - Accessed the personality test page.
2023-09-25 06:57:51,112 - INFO - Accessed the personality test page.
2023-09-25 06:57:55,466 - INFO - Accessed the personality test page.
2023-09-25 06:57:56,805 - INFO - Accessed the personality test page.
2023-09-25 07:07:11,245 - INFO - Accessed the personality test page.
2023-09-25 07:07:20,916 - INFO - Accessed the personality test page.
2023-09-25 07:12:00,059 - INFO - Accessed the personality test page.
2023-09-25 07:12:14,211 - INFO - Accessed the personality test page.
2023-09-25 07:27:43,409 - INFO - Accessed the personality test page.
2023-09-25 07:27:51,517 - INFO - Accessed the personality test page.
2023-09-25 07:27:53,858 - INFO - Accessed the personality test page.
2023-09-25 07:28:02,020 - INFO - Accessed the personality test page.
2023-09-25 07:29:51,385 - INFO - Accessed the personality test page.
2023-09-25 07:30:07,810 - INFO - Accessed the personality test page.
2023-09-25 07:30:20,349 - INFO - Accessed the personality test page.
2023-09-25 07:30:30,998 - INFO - Accessed the personality test page.
2023-09-25 07:30:42,450 - INFO - Accessed the personality test page.
2023-09-25 07:38:35,764 - INFO - Accessed the personality test page.
2023-09-25 07:38:54,905 - INFO - Accessed the personality test page.
2023-09-25 07:39:32,865 - INFO - Accessed the personality test page.
2023-09-25 07:40:32,866 - INFO - Accessed the personality test page.
2023-09-25 09:42:03,557 - INFO - Accessed the personality test page.
2023-09-25 10:14:46,852 - INFO - Accessed the personality test page.
2023-09-25 11:51:47,541 - INFO - Accessed the personality test page.
2023-09-25 11:53:33,504 - INFO - Accessed the personality test page.
2023-09-25 11:55:38,904 - INFO - Accessed the personality test page.
2023-09-25 11:55:59,882 - INFO - Accessed the personality test page.
2023-09-25 11:56:27,713 - INFO - Accessed the personality test page.
2023-09-25 11:56:56,982 - INFO - Accessed the personality test page.
2023-09-25 12:50:04,567 - INFO - Accessed the personality test page.
2023-09-25 12:54:37,948 - INFO - Accessed the personality test page.
2023-09-25 12:54:59,579 - INFO - Accessed the personality test page.
2023-09-25 13:26:17,551 - INFO - Accessed the personality test page.
2023-09-25 13:29:31,669 - INFO - Accessed the personality test page.
2023-09-25 13:29:33,067 - INFO - Accessed the personality test page.
2023-09-25 13:52:24,147 - INFO - Accessed the personality test page.
2023-09-25 13:54:05,002 - INFO - Accessed the personality test page.
2023-09-25 14:06:23,882 - INFO - Accessed the personality test page.
2023-09-25 14:06:26,337 - INFO - Accessed the personality test page.
2023-09-25 14:06:36,137 - INFO - Accessed the personality test page.
2023-09-25 14:06:41,800 - INFO - Accessed the personality test page.
2023-09-25 14:17:58,790 - INFO - Accessed the personality test page.
2023-09-25 14:18:06,029 - INFO - Accessed the personality test page.
2023-09-25 14:18:15,555 - INFO - Accessed the personality test page.
2023-09-25 14:18:20,557 - INFO - Accessed the personality test page.
2023-09-25 14:18:47,784 - INFO - Accessed the personality test page.
2023-09-25 14:33:43,823 - INFO - Accessed the personality test page.
2023-09-25 14:38:20,566 - INFO - Accessed the personality test page.
2023-09-25 14:38:32,047 - INFO - Accessed the personality test page.
2023-09-25 14:38:39,262 - INFO - Accessed the personality test page.
2023-09-25 14:39:22,379 - INFO - Accessed the personality test page.
2023-09-25 14:43:55,248 - INFO - Accessed the personality test page.
2023-09-25 14:44:42,581 - INFO - Accessed the personality test page.
2023-09-25 14:51:24,697 - INFO - Accessed the personality test page.
2023-09-25 14:54:04,224 - INFO - Accessed the personality test page.
2023-09-25 14:58:09,622 - INFO - Accessed the personality test page.
2023-09-25 14:58:15,824 - INFO - Accessed the personality test page.
2023-09-25 15:02:36,284 - INFO - Accessed the personality test page.
2023-09-25 15:08:48,535 - INFO - Accessed the personality test page.
2023-09-25 15:09:49,587 - INFO - Accessed the personality test page.
2023-09-25 15:09:55,552 - INFO - Accessed the personality test page.
2023-09-25 15:10:46,333 - INFO - Accessed the personality test page.
2023-09-25 15:12:22,655 - INFO - Accessed the personality test page.
2023-09-25 15:12:27,653 - INFO - Accessed the personality test page.
2023-09-25 15:34:59,283 - INFO - Accessed the personality test page.
2023-09-25 15:37:03,286 - INFO - Accessed the personality test page.
2023-09-25 15:37:11,168 - INFO - Accessed the personality test page.
2023-09-25 15:39:08,057 - INFO - Accessed the personality test page.
2023-09-25 15:39:26,557 - INFO - Accessed the personality test page.
2023-09-25 15:44:28,879 - INFO - Accessed the personality test page.
2023-09-25 15:44:34,380 - INFO - Accessed the personality test page.
2023-09-25 16:05:27,974 - INFO - Accessed the personality test page.
2023-09-25 16:10:44,336 - INFO - Accessed the personality test page.
2023-09-25 16:10:56,048 - INFO - Accessed the personality test page.
2023-09-25 16:12:16,733 - INFO - Accessed the personality test page.
2023-09-25 16:13:11,929 - INFO - Accessed the personality test page.
2023-09-25 16:15:06,579 - INFO - Accessed the personality test page.
2023-09-25 16:15:08,305 - INFO - Accessed the personality test page.
2023-09-25 16:15:12,619 - INFO - Accessed the personality test page.
2023-09-25 16:15:42,956 - INFO - Accessed the personality test page.
2023-09-25 16:15:47,730 - INFO - Accessed the personality test page.
2023-09-25 16:17:21,226 - INFO - Accessed the personality test page.
2023-09-26 05:50:32,887 - INFO - Accessed the personality test page.
2023-09-26 06:47:05,014 - INFO - Accessed the personality test page.
2023-09-26 06:48:33,987 - INFO - Accessed the personality test page.
2023-09-26 07:43:32,430 - INFO - Accessed the personality test page.
2023-09-26 07:43:40,726 - INFO - Accessed the personality test page.
2023-09-26 07:58:05,521 - INFO - Accessed the personality test page.
2023-09-26 08:03:03,799 - INFO - Accessed the personality test page.
2023-09-26 08:03:05,889 - INFO - Accessed the personality test page.
2023-09-26 08:15:22,157 - INFO - Accessed the personality test page.
2023-09-26 08:15:23,914 - INFO - Accessed the personality test page.
2023-09-26 08:15:29,506 - INFO - Accessed the personality test page.
2023-09-26 08:15:35,184 - INFO - Accessed the personality test page.
2023-09-26 08:15:51,214 - INFO - Accessed the personality test page.
2023-09-26 08:18:08,998 - INFO - Accessed the personality test page.
2023-09-26 08:18:13,421 - INFO - Accessed the personality test page.
2023-09-26 08:18:27,252 - INFO - Accessed the personality test page.
2023-09-26 08:18:29,017 - INFO - Accessed the personality test page.
2023-09-26 08:19:14,871 - INFO - Accessed the personality test page.
2023-09-26 08:22:18,938 - INFO - Accessed the personality test page.
2023-09-26 08:22:23,555 - INFO - Accessed the personality test page.
2023-09-26 08:22:26,785 - INFO - Accessed the personality test page.
2023-09-26 08:22:35,431 - INFO - Accessed the personality test page.
2023-09-26 08:22:36,922 - INFO - Accessed the personality test page.
2023-09-26 08:22:55,148 - INFO - Accessed the personality test page.
2023-09-26 08:30:36,944 - INFO - Accessed the personality test page.
2023-09-26 08:30:54,282 - INFO - Accessed the personality test page.
2023-09-26 08:31:15,657 - INFO - Accessed the personality test page.
2023-09-26 08:31:23,567 - INFO - Accessed the personality test page.
2023-09-26 08:31:25,821 - INFO - Accessed the personality test page.
2023-09-26 08:34:46,511 - INFO - Accessed the personality test page.
2023-09-26 08:34:48,112 - INFO - Accessed the personality test page.
2023-09-26 08:34:52,394 - INFO - Accessed the personality test page.
2023-09-26 08:35:06,061 - INFO - Accessed the personality test page.
2023-09-26 08:41:24,636 - INFO - Accessed the personality test page.
2023-09-26 08:41:32,910 - INFO - Accessed the personality test page.
2023-09-26 08:54:40,387 - INFO - Accessed the personality test page.
2023-09-26 08:54:46,303 - INFO - Accessed the personality test page.
2023-09-26 08:55:35,048 - INFO - Accessed the personality test page.
2023-09-26 08:56:18,036 - INFO - Accessed the personality test page.
2023-09-26 08:56:22,343 - INFO - Accessed the personality test page.
2023-09-26 08:56:39,350 - INFO - Accessed the personality test page.
2023-09-26 08:59:07,985 - INFO - Accessed the personality test page.
2023-09-26 08:59:20,810 - INFO - Accessed the personality test page.
2023-09-26 09:24:52,969 - INFO - Accessed the personality test page.
2023-09-26 09:36:54,587 - INFO - Accessed the personality test page.
2023-09-26 09:37:06,979 - INFO - Accessed the personality test page.
2023-09-26 09:37:13,814 - INFO - Accessed the personality test page.
2023-09-26 09:38:20,595 - INFO - Accessed the personality test page.
2023-09-26 09:40:30,753 - INFO - Accessed the personality test page.
2023-09-26 09:51:58,925 - INFO - Accessed the personality test page.
2023-09-26 09:52:05,933 - INFO - Accessed the personality test page.
2023-09-26 09:53:07,007 - INFO - Accessed the personality test page.
2023-09-26 09:53:10,438 - INFO - Accessed the personality test page.
2023-09-26 09:54:06,630 - INFO - Accessed the personality test page.
2023-09-26 14:58:32,042 - INFO - Accessed the personality test page.
2023-09-26 14:58:37,688 - INFO - Accessed the personality test page.
2023-09-26 14:58:44,271 - INFO - Accessed the personality test page.
2023-09-26 15:21:45,599 - INFO - Accessed the personality test page.
2023-09-26 15:21:47,061 - INFO - Accessed the personality test page.
2023-09-26 15:21:54,288 - INFO - Accessed the personality test page.
2023-09-26 15:32:22,373 - INFO - Accessed the personality test page.
2023-09-26 16:09:38,289 - INFO - Accessed the personality test page.
2023-09-26 16:09:40,595 - INFO - Accessed the personality test page.
2023-09-26 16:09:50,374 - INFO - Accessed the personality test page.
2023-09-26 16:10:02,455 - INFO - Accessed the personality test page.
2023-09-26 16:13:43,371 - INFO - Accessed the personality test page.
2023-09-26 16:13:45,259 - INFO - Accessed the personality test page.
2023-09-26 16:13:51,081 - INFO - Accessed the personality test page.
2023-09-26 16:13:56,798 - INFO - Accessed the personality test page.
2023-09-26 16:14:17,328 - INFO - Accessed the personality test page.
2023-09-26 16:14:21,524 - INFO - Accessed the personality test page.
2023-09-26 16:14:32,221 - INFO - Accessed the personality test page.
2023-09-26 16:14:40,535 - INFO - Accessed the personality test page.
2023-09-26 16:21:15,549 - INFO - Accessed the personality test page.
2023-09-26 16:21:21,468 - INFO - Accessed the personality test page.
2023-09-26 16:21:45,269 - INFO - Accessed the personality test page.
2023-09-26 16:22:00,508 - INFO - Accessed the personality test page.
2023-09-26 16:28:07,440 - INFO - Accessed the personality test page.
2023-09-26 16:28:12,561 - INFO - Accessed the personality test page.
2023-09-26 16:28:25,288 - INFO - Accessed the personality test page.
2023-09-26 16:34:09,201 - INFO - Accessed the personality test page.
2023-09-26 16:34:18,855 - INFO - Accessed the personality test page.
2023-09-26 16:34:28,166 - INFO - Accessed the personality test page.
2023-09-26 16:34:29,666 - INFO - Accessed the personality test page.
2023-09-26 16:34:35,489 - INFO - Accessed the personality test page.
2023-09-26 16:44:18,994 - INFO - Accessed the personality test page.
2023-09-26 16:44:34,894 - INFO - Accessed the personality test page.
2023-09-26 16:44:46,687 - INFO - Accessed the personality test page.
2023-09-27 03:49:31,691 - INFO - Accessed the personality test page.
2023-09-27 03:49:38,152 - INFO - Accessed the personality test page.
2023-09-27 03:49:44,375 - INFO - Accessed the personality test page.
2023-09-27 03:50:47,993 - INFO - Accessed the personality test page.
2023-09-27 03:55:00,304 - INFO - Personality test result: 
2023-09-27 03:55:50,207 - INFO - Personality test result: 
2023-09-27 03:55:56,677 - INFO - Accessed the personality test page.
2023-09-27 03:56:05,750 - INFO - Accessed the personality test page.
2023-09-27 03:56:07,443 - INFO - Accessed the personality test page.
2023-09-27 03:56:12,574 - INFO - Accessed the personality test page.
2023-09-27 03:56:43,589 - INFO - Accessed the personality test page.
2023-09-27 03:57:08,771 - INFO - Accessed the personality test page.
2023-09-27 04:02:09,615 - INFO - Accessed the personality test page.
2023-09-27 04:08:08,130 - INFO - Accessed the personality test page.
2023-09-27 04:09:38,540 - INFO - Accessed the personality test page.
2023-09-27 04:11:30,498 - INFO - Accessed the personality test page.
2023-09-27 04:13:39,898 - INFO - Accessed the personality test page.
2023-09-27 04:22:48,792 - INFO - Accessed the personality test page.
2023-09-27 04:25:09,780 - INFO - Accessed the personality test page.
2023-09-27 04:25:21,147 - INFO - Accessed the personality test page.
2023-09-27 04:25:31,738 - INFO - Accessed the personality test page.
2023-09-27 04:25:50,422 - INFO - Accessed the personality test page.
2023-09-27 04:26:00,469 - INFO - Accessed the personality test page.
2023-09-27 04:26:45,248 - INFO - Accessed the personality test page.
2023-09-27 04:26:53,677 - INFO - Accessed the personality test page.
2023-09-27 04:26:57,141 - INFO - Accessed the personality test page.
2023-09-27 04:27:15,906 - INFO - Accessed the personality test page.
2023-09-27 04:27:38,581 - INFO - Accessed the personality test page.
2023-09-27 04:30:53,372 - INFO - Accessed the personality test page.
2023-09-27 04:44:25,958 - INFO - Accessed the personality test page.
2023-09-27 04:44:58,963 - INFO - Accessed the personality test page.
2023-09-27 04:48:16,802 - INFO - Accessed the personality test page.
2023-09-27 04:48:40,222 - INFO - Accessed the personality test page.
2023-09-27 04:50:18,095 - INFO - Accessed the personality test page.
2023-09-27 04:50:31,421 - INFO - Accessed the personality test page.
2023-09-27 04:55:33,371 - INFO - Accessed the personality test page.
2023-09-27 04:56:27,435 - INFO - Accessed the personality test page.
2023-09-27 04:56:50,954 - INFO - Accessed the personality test page.
2023-09-27 04:57:03,609 - INFO - Accessed the personality test page.
2023-09-27 04:57:28,196 - INFO - Accessed the personality test page.
2023-09-27 04:57:37,375 - INFO - Accessed the personality test page.
2023-09-27 04:59:14,200 - INFO - Accessed the personality test page.
2023-09-27 05:00:21,038 - INFO - Accessed the personality test page.
2023-09-27 05:00:33,361 - INFO - Accessed the personality test page.
2023-09-27 05:01:53,998 - INFO - Accessed the personality test page.
2023-09-27 05:04:01,838 - INFO - Accessed the personality test page.
2023-09-27 05:04:07,940 - INFO - Accessed the personality test page.
2023-09-27 05:04:13,644 - INFO - Accessed the personality test page.
2023-09-27 05:04:23,600 - INFO - Accessed the personality test page.
2023-09-27 05:04:32,326 - INFO - Accessed the personality test page.
2023-09-27 05:05:19,619 - INFO - Accessed the personality test page.
2023-09-27 05:05:59,182 - INFO - Accessed the personality test page.
2023-09-27 05:09:52,248 - INFO - Accessed the personality test page.
2023-09-27 05:16:27,485 - INFO - Accessed the personality test page.
2023-09-27 05:18:30,378 - INFO - Accessed the personality test page.
2023-09-27 05:22:44,314 - INFO - Accessed the personality test page.
2023-09-27 05:24:36,242 - INFO - Accessed the personality test page.
2023-09-27 05:26:47,859 - INFO - Accessed the personality test page.
2023-09-27 05:38:48,107 - INFO - Accessed the personality test page.
2023-09-27 05:42:56,488 - INFO - Accessed the personality test page.
2023-09-27 05:45:44,875 - INFO - Accessed the personality test page.
2023-09-27 05:52:45,156 - INFO - Accessed the personality test page.
2023-09-27 05:57:56,553 - INFO - Accessed the personality test page.
2023-09-27 06:01:07,033 - INFO - Accessed the personality test page.
2023-09-27 06:08:44,051 - INFO - Accessed the personality test page.
2023-09-27 06:11:20,125 - INFO - Accessed the personality test page.
2023-09-27 06:11:32,758 - INFO - Accessed the personality test page.
2023-09-27 06:14:49,316 - INFO - Accessed the personality test page.
2023-09-27 06:27:30,792 - INFO - Accessed the personality test page.
2023-09-27 06:28:42,959 - INFO - Accessed the personality test page.
2023-09-27 06:29:07,252 - INFO - Accessed the personality test page.
2023-09-27 06:30:50,824 - INFO - Accessed the personality test page.
2023-09-27 06:31:32,661 - INFO - Accessed the personality test page.
2023-09-27 06:31:43,642 - INFO - Accessed the personality test page.
2023-09-27 06:31:55,110 - INFO - Accessed the personality test page.
2023-09-27 06:32:11,696 - INFO - Accessed the personality test page.
2023-09-27 06:32:21,983 - INFO - Accessed the personality test page.
2023-09-27 06:44:16,530 - INFO - Accessed the personality test page.
2023-09-27 06:44:27,906 - INFO - Accessed the personality test page.
2023-09-27 06:44:41,096 - INFO - Accessed the personality test page.
2023-09-27 06:54:20,909 - INFO - Accessed the personality test page.
2023-09-27 06:54:24,055 - INFO - Accessed the personality test page.
2023-09-27 07:04:06,864 - INFO - Accessed the personality test page.
2023-09-27 07:07:39,389 - INFO - Accessed the personality test page.
2023-09-27 07:09:50,940 - INFO - Accessed the personality test page.
2023-09-27 07:10:03,346 - INFO - Accessed the personality test page.
2023-09-27 07:10:15,688 - INFO - Accessed the personality test page.
2023-09-27 07:10:28,312 - INFO - Accessed the personality test page.
2023-09-27 07:16:16,472 - INFO - Accessed the personality test page.
2023-09-27 07:22:24,107 - INFO - Accessed the personality test page.
2023-09-27 08:48:40,457 - INFO - Accessed the personality test page.
2023-09-27 08:58:01,071 - INFO - Accessed the personality test page.
2023-09-27 09:05:21,162 - INFO - Accessed the personality test page.
2023-09-28 10:32:01,776 - INFO - Accessed the personality test page.
2023-09-28 10:32:42,289 - INFO - Accessed the personality test page.
2023-09-28 10:33:14,269 - INFO - Accessed the personality test page.
2023-09-28 10:33:51,902 - INFO - Accessed the personality test page.
2023-09-28 10:34:34,452 - INFO - Accessed the personality test page.
2023-09-28 10:35:55,729 - INFO - Accessed the personality test page.
2023-09-28 19:24:59,508 - INFO - Accessed the personality test page.
2023-09-28 19:25:13,469 - INFO - Accessed the personality test page.
2023-09-30 17:04:40,391 - INFO - Accessed the personality test page.
2023-09-30 17:05:58,415 - INFO - Accessed the personality test page.
2023-09-30 17:06:06,929 - INFO - Accessed the personality test page.
2023-09-30 20:31:14,927 - INFO - Accessed the personality test page.
2023-10-03 19:03:01,338 - INFO - Accessed the personality test page.
2023-10-03 19:05:10,399 - INFO - Accessed the personality test page.
2023-10-03 19:05:45,433 - INFO - Accessed the personality test page.
2023-10-03 19:05:54,766 - INFO - Accessed the personality test page.
2023-10-03 19:06:03,471 - INFO - Accessed the personality test page.
2023-10-03 19:06:22,533 - INFO - Accessed the personality test page.
2023-10-04 06:15:11,727 - INFO - Accessed the personality test page.
2023-10-04 06:34:36,539 - INFO - Accessed the personality test page.
2023-10-04 06:55:08,955 - INFO - Accessed the personality test page.
2023-10-04 06:56:04,149 - INFO - Accessed the personality test page.
2023-10-04 07:00:44,096 - INFO - Accessed the personality test page.
2023-10-04 07:00:49,303 - INFO - Accessed the personality test page.
2023-10-04 07:02:53,228 - INFO - Accessed the personality test page.
2023-10-04 07:02:57,535 - INFO - Accessed the personality test page.
2023-10-04 07:04:24,929 - INFO - Accessed the personality test page.
2023-10-04 07:04:30,322 - INFO - Accessed the personality test page.
2023-10-04 07:09:05,416 - INFO - Accessed the personality test page.
2023-10-04 07:09:09,970 - INFO - Accessed the personality test page.
2023-10-04 07:15:45,339 - INFO - Accessed the personality test page.
2023-10-04 09:04:57,796 - INFO - Accessed the personality test page.
2023-10-04 09:06:52,231 - INFO - Accessed the personality test page.
2023-10-04 09:07:32,268 - INFO - Accessed the personality test page.
2023-10-04 09:09:19,207 - INFO - Accessed the personality test page.
2023-10-04 09:09:47,500 - INFO - Accessed the personality test page.
2023-10-04 09:12:13,901 - INFO - Accessed the personality test page.
2023-10-04 09:16:04,724 - INFO - Accessed the personality test page.
2023-10-04 09:16:46,258 - INFO - Accessed the personality test page.
2023-10-04 09:30:52,014 - INFO - Accessed the personality test page.
2023-10-04 09:33:51,665 - INFO - Accessed the personality test page.
2023-10-05 12:11:28,290 - INFO - Accessed the personality test page.
2023-10-05 14:35:57,772 - INFO - Accessed the personality test page.
2023-10-05 14:36:07,297 - INFO - Accessed the personality test page.
2023-10-05 19:01:12,137 - INFO - Accessed the personality test page.
2023-10-05 19:01:31,550 - INFO - Accessed the personality test page.
2023-10-05 19:01:34,057 - INFO - Accessed the personality test page.
2023-10-05 19:03:34,921 - INFO - Accessed the personality test page.
2023-10-05 19:04:03,131 - INFO - Accessed the personality test page.
2023-10-05 19:04:13,990 - INFO - Accessed the personality test page.
2023-10-05 19:04:23,536 - INFO - Accessed the personality test page.
2023-10-05 19:06:01,263 - INFO - Accessed the personality test page.
